2026-02-07 12:08:37 - StockFetcher - INFO - === StockPre 系统启动 ===
2026-02-07 12:08:39 - StockFetcher - INFO - 成功获取 280 只沪深300成分股
2026-02-07 12:08:48 - StockFetcher - INFO - 成功获取 5479 只股票名称映射
2026-02-07 12:08:48 - StockFetcher - INFO - 开始分析 280 只股票...
2026-02-07 12:08:53 - StockFetcher - INFO - [请求成功] fetch_stock_data(002625)
2026-02-07 12:08:53 - StockFetcher - INFO - [请求成功] fetch_stock_data(300476)
2026-02-07 12:08:53 - StockFetcher - INFO - [请求成功] fetch_stock_data(300251)
2026-02-07 12:08:54 - StockFetcher - INFO - [请求成功] fetch_stock_data(002384)
2026-02-07 12:08:54 - StockFetcher - INFO - [请求成功] fetch_stock_data(603893)
2026-02-07 12:08:54 - StockFetcher - INFO - [请求成功] fetch_stock_data(300803)
2026-02-07 12:08:55 - StockFetcher - INFO - [请求成功] fetch_stock_data(601456)
2026-02-07 12:08:55 - StockFetcher - INFO - [请求成功] fetch_stock_data(600522)
2026-02-07 12:08:55 - StockFetcher - INFO - [请求成功] fetch_stock_data(601018)
2026-02-07 12:08:55 - StockFetcher - INFO - 进度: 10/280 (3.6%)
2026-02-07 12:08:56 - StockFetcher - INFO - [请求成功] fetch_stock_data(300866)
2026-02-07 12:08:56 - StockFetcher - INFO - [请求成功] fetch_stock_data(600930)
2026-02-07 12:08:57 - StockFetcher - INFO - [请求成功] fetch_stock_data(601298)
2026-02-07 12:09:01 - StockFetcher - ERROR - [请求失败] fetch_stock_data(002600) - ('Connection aborted.', RemoteDisconnected('Remote end closed connection without response'))
2026-02-07 12:09:04 - StockFetcher - ERROR - [请求失败] fetch_stock_data(601077) - ('Connection aborted.', RemoteDisconnected('Remote end closed connection without response'))
2026-02-07 12:09:07 - StockFetcher - ERROR - [请求失败] fetch_stock_data(601825) - ('Connection aborted.', RemoteDisconnected('Remote end closed connection without response'))
2026-02-07 12:09:11 - StockFetcher - ERROR - [请求失败] fetch_stock_data(001391) - ('Connection aborted.', RemoteDisconnected('Remote end closed connection without response'))
2026-02-07 12:09:14 - StockFetcher - INFO - [请求成功] fetch_stock_data(302132)
2026-02-07 12:09:14 - StockFetcher - INFO - [请求成功] fetch_stock_data(301236)
2026-02-07 12:09:18 - StockFetcher - INFO - [请求成功] fetch_stock_data(688047)
2026-02-07 12:09:18 - StockFetcher - INFO - 进度: 20/280 (7.1%)
2026-02-07 12:09:18 - StockFetcher - INFO - [请求成功] fetch_stock_data(601058)
2026-02-07 12:09:22 - StockFetcher - INFO - [请求成功] fetch_stock_data(688506)
2026-02-07 12:09:22 - StockFetcher - INFO - [请求成功] fetch_stock_data(601136)
2026-02-07 12:09:23 - StockFetcher - INFO - [请求成功] fetch_stock_data(600066)
2026-02-07 12:09:23 - StockFetcher - INFO - [请求成功] fetch_stock_data(688472)
2026-02-07 12:09:27 - StockFetcher - INFO - [请求成功] fetch_stock_data(300394)
2026-02-07 12:09:27 - StockFetcher - INFO - [请求成功] fetch_stock_data(300502)
2026-02-07 12:09:31 - StockFetcher - ERROR - [请求失败] fetch_stock_data(600377) - ('Connection aborted.', RemoteDisconnected('Remote end closed connection without response'))
2026-02-07 12:09:34 - StockFetcher - ERROR - [请求失败] fetch_stock_data(000630) - ('Connection aborted.', RemoteDisconnected('Remote end closed connection without response'))
2026-02-07 12:09:37 - StockFetcher - ERROR - [请求失败] fetch_stock_data(601127) - ('Connection aborted.', RemoteDisconnected('Remote end closed connection without response'))
2026-02-07 12:09:37 - StockFetcher - INFO - 进度: 30/280 (10.7%)
2026-02-07 12:09:41 - StockFetcher - ERROR - [请求失败] fetch_stock_data(002028) - ('Connection aborted.', RemoteDisconnected('Remote end closed connection without response'))
2026-02-07 12:09:44 - StockFetcher - ERROR - [请求失败] fetch_stock_data(002463) - ('Connection aborted.', RemoteDisconnected('Remote end closed connection without response'))
2026-02-07 12:09:48 - StockFetcher - ERROR - [请求失败] fetch_stock_data(600482) - ('Connection aborted.', RemoteDisconnected('Remote end closed connection without response'))
2026-02-07 12:09:51 - StockFetcher - ERROR - [请求失败] fetch_stock_data(688169) - ('Connection aborted.', RemoteDisconnected('Remote end closed connection without response'))
2026-02-07 12:09:55 - StockFetcher - ERROR - [请求失败] fetch_stock_data(000975) - ('Connection aborted.', RemoteDisconnected('Remote end closed connection without response'))
2026-02-07 12:09:58 - StockFetcher - ERROR - [请求失败] fetch_stock_data(002422) - ('Connection aborted.', RemoteDisconnected('Remote end closed connection without response'))
2026-02-07 12:09:59 - StockFetcher - INFO - [请求成功] fetch_stock_data(600160)
2026-02-07 12:10:03 - StockFetcher - ERROR - [请求失败] fetch_stock_data(600027) - ('Connection aborted.', RemoteDisconnected('Remote end closed connection without response'))
2026-02-07 12:10:06 - StockFetcher - ERROR - [请求失败] fetch_stock_data(688009) - ('Connection aborted.', RemoteDisconnected('Remote end closed connection without response'))
2026-02-07 12:10:09 - StockFetcher - ERROR - [请求失败] fetch_stock_data(688082) - ('Connection aborted.', RemoteDisconnected('Remote end closed connection without response'))
2026-02-07 12:10:09 - StockFetcher - INFO - 进度: 40/280 (14.3%)
2026-02-07 12:10:12 - StockFetcher - ERROR - [请求失败] fetch_stock_data(603296) - ('Connection aborted.', RemoteDisconnected('Remote end closed connection without response'))
2026-02-07 12:10:15 - StockFetcher - ERROR - [请求失败] fetch_stock_data(000807) - ('Connection aborted.', RemoteDisconnected('Remote end closed connection without response'))
2026-02-07 12:10:19 - StockFetcher - ERROR - [请求失败] fetch_stock_data(600161) - ('Connection aborted.', RemoteDisconnected('Remote end closed connection without response'))
2026-02-07 12:10:22 - StockFetcher - ERROR - [请求失败] fetch_stock_data(600415) - ('Connection aborted.', RemoteDisconnected('Remote end closed connection without response'))
2026-02-07 12:10:25 - StockFetcher - ERROR - [请求失败] fetch_stock_data(300442) - ('Connection aborted.', RemoteDisconnected('Remote end closed connection without response'))
2026-02-07 12:10:28 - StockFetcher - ERROR - [请求失败] fetch_stock_data(600026) - ('Connection aborted.', RemoteDisconnected('Remote end closed connection without response'))
2026-02-07 12:10:32 - StockFetcher - ERROR - [请求失败] fetch_stock_data(300832) - ('Connection aborted.', RemoteDisconnected('Remote end closed connection without response'))
2026-02-07 12:10:35 - StockFetcher - ERROR - [请求失败] fetch_stock_data(300418) - ('Connection aborted.', RemoteDisconnected('Remote end closed connection without response'))
2026-02-07 12:10:39 - StockFetcher - ERROR - [请求失败] fetch_stock_data(600489) - ('Connection aborted.', RemoteDisconnected('Remote end closed connection without response'))
2026-02-07 12:10:42 - StockFetcher - ERROR - [请求失败] fetch_stock_data(000999) - ('Connection aborted.', RemoteDisconnected('Remote end closed connection without response'))
2026-02-07 12:10:42 - StockFetcher - INFO - 进度: 50/280 (17.9%)
2026-02-07 12:10:46 - StockFetcher - ERROR - [请求失败] fetch_stock_data(300308) - ('Connection aborted.', RemoteDisconnected('Remote end closed connection without response'))
2026-02-07 12:10:49 - StockFetcher - ERROR - [请求失败] fetch_stock_data(600372) - ('Connection aborted.', RemoteDisconnected('Remote end closed connection without response'))
2026-02-07 12:10:53 - StockFetcher - ERROR - [请求失败] fetch_stock_data(600938) - ('Connection aborted.', RemoteDisconnected('Remote end closed connection without response'))
2026-02-07 12:10:56 - StockFetcher - ERROR - [请求失败] fetch_stock_data(688256) - ('Connection aborted.', RemoteDisconnected('Remote end closed connection without response'))
2026-02-07 12:10:59 - StockFetcher - ERROR - [请求失败] fetch_stock_data(301269) - ('Connection aborted.', RemoteDisconnected('Remote end closed connection without response'))
2026-02-07 12:11:03 - StockFetcher - ERROR - [请求失败] fetch_stock_data(600515) - ('Connection aborted.', RemoteDisconnected('Remote end closed connection without response'))
2026-02-07 12:11:06 - StockFetcher - ERROR - [请求失败] fetch_stock_data(688271) - ('Connection aborted.', RemoteDisconnected('Remote end closed connection without response'))
2026-02-07 12:11:09 - StockFetcher - ERROR - [请求失败] fetch_stock_data(600023) - ('Connection aborted.', RemoteDisconnected('Remote end closed connection without response'))
2026-02-07 12:11:13 - StockFetcher - INFO - [请求成功] fetch_stock_data(601059)
2026-02-07 12:11:16 - StockFetcher - ERROR - [请求失败] fetch_stock_data(688041) - ('Connection aborted.', RemoteDisconnected('Remote end closed connection without response'))
2026-02-07 12:11:16 - StockFetcher - INFO - 进度: 60/280 (21.4%)
2026-02-07 12:11:19 - StockFetcher - ERROR - [请求失败] fetch_stock_data(601916) - ('Connection aborted.', RemoteDisconnected('Remote end closed connection without response'))
2026-02-07 12:11:22 - StockFetcher - ERROR - [请求失败] fetch_stock_data(601872) - ('Connection aborted.', RemoteDisconnected('Remote end closed connection without response'))
2026-02-07 12:11:26 - StockFetcher - ERROR - [请求失败] fetch_stock_data(000617) - ('Connection aborted.', RemoteDisconnected('Remote end closed connection without response'))
2026-02-07 12:11:29 - StockFetcher - ERROR - [请求失败] fetch_stock_data(688223) - ('Connection aborted.', RemoteDisconnected('Remote end closed connection without response'))
2026-02-07 12:11:32 - StockFetcher - ERROR - [请求失败] fetch_stock_data(600875) - ('Connection aborted.', RemoteDisconnected('Remote end closed connection without response'))
2026-02-07 12:11:36 - StockFetcher - ERROR - [请求失败] fetch_stock_data(601607) - ('Connection aborted.', RemoteDisconnected('Remote end closed connection without response'))
2026-02-07 12:11:40 - StockFetcher - ERROR - [请求失败] fetch_stock_data(000983) - ('Connection aborted.', RemoteDisconnected('Remote end closed connection without response'))
2026-02-07 12:11:43 - StockFetcher - ERROR - [请求失败] fetch_stock_data(600803) - ('Connection aborted.', RemoteDisconnected('Remote end closed connection without response'))
2026-02-07 12:11:46 - StockFetcher - ERROR - [请求失败] fetch_stock_data(600039) - ('Connection aborted.', RemoteDisconnected('Remote end closed connection without response'))
2026-02-07 12:11:51 - StockFetcher - ERROR - [请求失败] fetch_stock_data(688187) - ('Connection aborted.', RemoteDisconnected('Remote end closed connection without response'))
2026-02-07 12:11:51 - StockFetcher - INFO - 进度: 70/280 (25.0%)
2026-02-07 12:11:54 - StockFetcher - ERROR - [请求失败] fetch_stock_data(600674) - ('Connection aborted.', RemoteDisconnected('Remote end closed connection without response'))
2026-02-07 12:11:58 - StockFetcher - ERROR - [请求失败] fetch_stock_data(601689) - ('Connection aborted.', RemoteDisconnected('Remote end closed connection without response'))
2026-02-07 12:12:02 - StockFetcher - ERROR - [请求失败] fetch_stock_data(688303) - ('Connection aborted.', RemoteDisconnected('Remote end closed connection without response'))
2026-02-07 12:12:05 - StockFetcher - ERROR - [请求失败] fetch_stock_data(605117) - ('Connection aborted.', RemoteDisconnected('Remote end closed connection without response'))
2026-02-07 12:12:09 - StockFetcher - ERROR - [请求失败] fetch_stock_data(600233) - ('Connection aborted.', RemoteDisconnected('Remote end closed connection without response'))
2026-02-07 12:12:12 - StockFetcher - ERROR - [请求失败] fetch_stock_data(000792) - ('Connection aborted.', RemoteDisconnected('Remote end closed connection without response'))
2026-02-07 12:12:15 - StockFetcher - ERROR - [请求失败] fetch_stock_data(600219) - ('Connection aborted.', RemoteDisconnected('Remote end closed connection without response'))
2026-02-07 12:12:18 - StockFetcher - ERROR - [请求失败] fetch_stock_data(600188) - ('Connection aborted.', RemoteDisconnected('Remote end closed connection without response'))
2026-02-07 12:12:22 - StockFetcher - ERROR - [请求失败] fetch_stock_data(002920) - ('Connection aborted.', RemoteDisconnected('Remote end closed connection without response'))
2026-02-07 12:12:26 - StockFetcher - ERROR - [请求失败] fetch_stock_data(002648) - ('Connection aborted.', RemoteDisconnected('Remote end closed connection without response'))
2026-02-07 12:12:26 - StockFetcher - INFO - 进度: 80/280 (28.6%)
2026-02-07 12:12:30 - StockFetcher - ERROR - [请求失败] fetch_stock_data(300661) - ('Connection aborted.', RemoteDisconnected('Remote end closed connection without response'))
2026-02-07 12:12:33 - StockFetcher - ERROR - [请求失败] fetch_stock_data(300979) - ('Connection aborted.', RemoteDisconnected('Remote end closed connection without response'))
2026-02-07 12:12:38 - StockFetcher - ERROR - [请求失败] fetch_stock_data(000408) - ('Connection aborted.', RemoteDisconnected('Remote end closed connection without response'))
2026-02-07 12:12:41 - StockFetcher - ERROR - [请求失败] fetch_stock_data(600089) - ('Connection aborted.', RemoteDisconnected('Remote end closed connection without response'))
2026-02-07 12:12:46 - StockFetcher - ERROR - [请求失败] fetch_stock_data(603260) - ('Connection aborted.', RemoteDisconnected('Remote end closed connection without response'))
2026-02-07 12:12:49 - StockFetcher - ERROR - [请求失败] fetch_stock_data(300999) - ('Connection aborted.', RemoteDisconnected('Remote end closed connection without response'))
2026-02-07 12:12:53 - StockFetcher - ERROR - [请求失败] fetch_stock_data(300896) - ('Connection aborted.', RemoteDisconnected('Remote end closed connection without response'))
2026-02-07 12:12:57 - StockFetcher - ERROR - [请求失败] fetch_stock_data(688981) - ('Connection aborted.', RemoteDisconnected('Remote end closed connection without response'))
2026-02-07 12:13:00 - StockFetcher - ERROR - [请求失败] fetch_stock_data(002466) - ('Connection aborted.', RemoteDisconnected('Remote end closed connection without response'))
2026-02-07 12:13:03 - StockFetcher - ERROR - [请求失败] fetch_stock_data(601898) - ('Connection aborted.', RemoteDisconnected('Remote end closed connection without response'))
2026-02-07 12:13:03 - StockFetcher - INFO - 进度: 90/280 (32.1%)
2026-02-07 12:13:06 - StockFetcher - ERROR - [请求失败] fetch_stock_data(000301) - ('Connection aborted.', RemoteDisconnected('Remote end closed connection without response'))
2026-02-07 12:13:10 - StockFetcher - ERROR - [请求失败] fetch_stock_data(600905) - ('Connection aborted.', RemoteDisconnected('Remote end closed connection without response'))
2026-02-07 12:13:13 - StockFetcher - ERROR - [请求失败] fetch_stock_data(300782) - ('Connection aborted.', RemoteDisconnected('Remote end closed connection without response'))
2026-02-07 12:13:16 - StockFetcher - ERROR - [请求失败] fetch_stock_data(601728) - ('Connection aborted.', RemoteDisconnected('Remote end closed connection without response'))
2026-02-07 12:13:20 - StockFetcher - ERROR - [请求失败] fetch_stock_data(300316) - ('Connection aborted.', RemoteDisconnected('Remote end closed connection without response'))
2026-02-07 12:13:23 - StockFetcher - ERROR - [请求失败] fetch_stock_data(300759) - ('Connection aborted.', RemoteDisconnected('Remote end closed connection without response'))
2026-02-07 12:13:26 - StockFetcher - ERROR - [请求失败] fetch_stock_data(300760) - ('Connection aborted.', RemoteDisconnected('Remote end closed connection without response'))
2026-02-07 12:13:30 - StockFetcher - ERROR - [请求失败] fetch_stock_data(601868) - ('Connection aborted.', RemoteDisconnected('Remote end closed connection without response'))
2026-02-07 12:13:33 - StockFetcher - ERROR - [请求失败] fetch_stock_data(002459) - ('Connection aborted.', RemoteDisconnected('Remote end closed connection without response'))
2026-02-07 12:13:37 - StockFetcher - ERROR - [请求失败] fetch_stock_data(300750) - ('Connection aborted.', RemoteDisconnected('Remote end closed connection without response'))
2026-02-07 12:13:37 - StockFetcher - INFO - 进度: 100/280 (35.7%)
2026-02-07 12:13:40 - StockFetcher - ERROR - [请求失败] fetch_stock_data(002709) - ('Connection aborted.', RemoteDisconnected('Remote end closed connection without response'))
2026-02-07 12:13:44 - StockFetcher - ERROR - [请求失败] fetch_stock_data(605499) - ('Connection aborted.', RemoteDisconnected('Remote end closed connection without response'))
2026-02-07 12:13:47 - StockFetcher - ERROR - [请求失败] fetch_stock_data(688396) - ('Connection aborted.', RemoteDisconnected('Remote end closed connection without response'))
2026-02-07 12:13:50 - StockFetcher - ERROR - [请求失败] fetch_stock_data(688126) - ('Connection aborted.', RemoteDisconnected('Remote end closed connection without response'))
2026-02-07 12:13:54 - StockFetcher - ERROR - [请求失败] fetch_stock_data(688111) - ('Connection aborted.', RemoteDisconnected('Remote end closed connection without response'))
2026-02-07 12:13:57 - StockFetcher - ERROR - [请求失败] fetch_stock_data(601995) - ('Connection aborted.', RemoteDisconnected('Remote end closed connection without response'))
2026-02-07 12:14:00 - StockFetcher - ERROR - [请求失败] fetch_stock_data(600426) - ('Connection aborted.', RemoteDisconnected('Remote end closed connection without response'))
2026-02-07 12:14:03 - StockFetcher - ERROR - [请求失败] fetch_stock_data(300274) - ('Connection aborted.', RemoteDisconnected('Remote end closed connection without response'))
2026-02-07 12:14:07 - StockFetcher - ERROR - [请求失败] fetch_stock_data(600600) - ('Connection aborted.', RemoteDisconnected('Remote end closed connection without response'))
2026-02-07 12:14:10 - StockFetcher - ERROR - [请求失败] fetch_stock_data(688012) - ('Connection aborted.', RemoteDisconnected('Remote end closed connection without response'))
2026-02-07 12:14:10 - StockFetcher - INFO - 进度: 110/280 (39.3%)
2026-02-07 12:14:13 - StockFetcher - ERROR - [请求失败] fetch_stock_data(603195) - ('Connection aborted.', RemoteDisconnected('Remote end closed connection without response'))
2026-02-07 12:14:17 - StockFetcher - ERROR - [请求失败] fetch_stock_data(002049) - ('Connection aborted.', RemoteDisconnected('Remote end closed connection without response'))
2026-02-07 12:14:20 - StockFetcher - ERROR - [请求失败] fetch_stock_data(600150) - ('Connection aborted.', RemoteDisconnected('Remote end closed connection without response'))
2026-02-07 12:14:24 - StockFetcher - ERROR - [请求失败] fetch_stock_data(603392) - ('Connection aborted.', RemoteDisconnected('Remote end closed connection without response'))
2026-02-07 12:14:27 - StockFetcher - ERROR - [请求失败] fetch_stock_data(600845) - ('Connection aborted.', RemoteDisconnected('Remote end closed connection without response'))
2026-02-07 12:14:30 - StockFetcher - ERROR - [请求失败] fetch_stock_data(600918) - ('Connection aborted.', RemoteDisconnected('Remote end closed connection without response'))
2026-02-07 12:14:34 - StockFetcher - ERROR - [请求失败] fetch_stock_data(688008) - ('Connection aborted.', RemoteDisconnected('Remote end closed connection without response'))
2026-02-07 12:14:38 - StockFetcher - ERROR - [请求失败] fetch_stock_data(000977) - ('Connection aborted.', RemoteDisconnected('Remote end closed connection without response'))
2026-02-07 12:15:16 - StockFetcher - INFO - === StockPre 鲁棒版本测试（小样本） ===
2026-02-07 12:15:16 - StockFetcher - INFO - 测试股票: 600489, 601088, 600519, 000858
2026-02-07 12:15:33 - StockFetcher - INFO - 成功获取 5479 只股票名称映射
2026-02-07 12:15:33 - StockFetcher - INFO - 开始分析 4 只股票...
2026-02-07 12:15:37 - StockFetcher - ERROR - [请求失败] fetch_stock_data(600489) - ('Connection aborted.', RemoteDisconnected('Remote end closed connection without response'))
2026-02-07 12:15:40 - StockFetcher - ERROR - [请求失败] fetch_stock_data(601088) - ('Connection aborted.', RemoteDisconnected('Remote end closed connection without response'))
2026-02-07 12:15:44 - StockFetcher - ERROR - [请求失败] fetch_stock_data(600519) - ('Connection aborted.', RemoteDisconnected('Remote end closed connection without response'))
2026-02-07 12:15:49 - StockFetcher - ERROR - [请求失败] fetch_stock_data(000858) - ('Connection aborted.', RemoteDisconnected('Remote end closed connection without response'))
2026-02-07 12:15:49 - StockFetcher - INFO - 
分析完成: 成功 0 只, 失败 4 只
2026-02-07 12:15:49 - StockFetcher - WARNING - 失败股票列表: 600489, 601088, 600519, 000858
2026-02-07 12:15:49 - StockFetcher - INFO - === StockPre 鲁棒版本测试结束 ===
